0 info it worked if it ends with ok
1 verbose cli [ '/usr/local/n/versions/node/5.0.0/bin/node',
1 verbose cli   '/Users/HG/.rvm/bin/npm',
1 verbose cli   'shrinkwrap' ]
2 info using npm@3.5.0
3 info using node@v5.0.0
4 verbose stack Error: Problems were encountered
4 verbose stack Please correct and try again.
4 verbose stack extraneous: node-sass-middleware@0.5.0 /Users/HG/Desktop/HeraldGutierrez.com/PersonalWebsite/node_modules/node-sass-middleware
4 verbose stack     at shrinkwrap_ (/Users/HG/.rvm/lib/node_modules/npm/lib/shrinkwrap.js:101:15)
4 verbose stack     at /Users/HG/.rvm/lib/node_modules/npm/lib/shrinkwrap.js:36:5
4 verbose stack     at /Users/HG/.rvm/lib/node_modules/npm/node_modules/iferr/index.js:13:50
4 verbose stack     at /Users/HG/.rvm/lib/node_modules/npm/lib/install/deps.js:121:5
4 verbose stack     at LOOP (/Users/HG/.rvm/lib/node_modules/npm/node_modules/slide/lib/chain.js:7:26)
4 verbose stack     at /Users/HG/.rvm/lib/node_modules/npm/node_modules/slide/lib/chain.js:18:7
4 verbose stack     at cb (/Users/HG/.rvm/lib/node_modules/npm/node_modules/slide/lib/async-map.js:47:24)
4 verbose stack     at /Users/HG/.rvm/lib/node_modules/npm/lib/install/deps.js:121:5
4 verbose stack     at LOOP (/Users/HG/.rvm/lib/node_modules/npm/node_modules/slide/lib/chain.js:7:26)
4 verbose stack     at /Users/HG/.rvm/lib/node_modules/npm/node_modules/slide/lib/chain.js:18:7
5 verbose cwd /Users/HG/Desktop/HeraldGutierrez.com/PersonalWebsite
6 error Darwin 11.4.2
7 error argv "/usr/local/n/versions/node/5.0.0/bin/node" "/Users/HG/.rvm/bin/npm" "shrinkwrap"
8 error node v5.0.0
9 error npm  v3.5.0
10 error Problems were encountered
10 error Please correct and try again.
10 error extraneous: node-sass-middleware@0.5.0 /Users/HG/Desktop/HeraldGutierrez.com/PersonalWebsite/node_modules/node-sass-middleware
11 error If you need help, you may report this error at:
11 error     <https://github.com/npm/npm/issues>
12 verbose exit [ 1, true ]
